[debug] [2018-04-06T12:32:42.065Z] ----------------------------------------------------------------------
[debug] [2018-04-06T12:32:42.067Z] Command:       /usr/bin/node /usr/bin/firebase init
[debug] [2018-04-06T12:32:42.067Z] CLI Version:   3.17.6
[debug] [2018-04-06T12:32:42.067Z] Platform:      linux
[debug] [2018-04-06T12:32:42.067Z] Node Version:  v8.11.1
[debug] [2018-04-06T12:32:42.067Z] Time:          Fri Apr 06 2018 17:32:42 GMT+0500 (PKT)
[debug] [2018-04-06T12:32:42.067Z] ----------------------------------------------------------------------
[debug] 
[debug] [2018-04-06T12:32:42.101Z] > command requires scopes: ["email","openid","https://www.googleapis.com/auth/cloudplatformprojects.readonly","https://www.googleapis.com/auth/firebase"]
[debug] [2018-04-06T12:32:42.101Z] > authorizing via signed-in user
[info] 
     ######## #### ########  ######## ########     ###     ######  ########
     ##        ##  ##     ## ##       ##     ##  ##   ##  ##       ##
     ######    ##  ########  ######   ########  #########  ######  ######
     ##        ##  ##    ##  ##       ##     ## ##     ##       ## ##
     ##       #### ##     ## ######## ########  ##     ##  ######  ########

You're about to initialize a Firebase project in this directory:

  /home/muhammad/Desktop/Bootcamp/Campus-Requirement-System

[info] 
=== Project Setup
[info] 
[info] First, let's associate this project directory with a Firebase project.
[info] You can create multiple project aliases by running firebase use --add, 
[info] but for now we'll just set up a default project.
[info] 
[debug] [2018-04-06T12:32:49.373Z] > refreshing access token with scopes: ["email","https://www.googleapis.com/auth/cloudplatformprojects.readonly","https://www.googleapis.com/auth/firebase","openid"]
[debug] [2018-04-06T12:32:49.373Z] >>> HTTP REQUEST POST https://www.googleapis.com/oauth2/v3/token  
 { refresh_token: '1/32f5V32EPBoqAGLAXwHVTmub7eaXUAK2is5OqFJqS7s',
  client_id: '563584335869-fgrhgmd47bqnekij5i8b5pr03ho849e6.apps.googleusercontent.com',
  client_secret: 'j9iVZfS8kkCEFUPaAeJV0sAi',
  grant_type: 'refresh_token',
  scope: 'email https://www.googleapis.com/auth/cloudplatformprojects.readonly https://www.googleapis.com/auth/firebase openid' } 
 Fri Apr 06 2018 17:32:49 GMT+0500 (PKT)
[debug] [2018-04-06T12:32:49.847Z] <<< HTTP RESPONSE 200
[debug] [2018-04-06T12:32:49.903Z] >>> HTTP REQUEST GET https://admin.firebase.com/v1/projects  
  
 Fri Apr 06 2018 17:32:49 GMT+0500 (PKT)
[debug] [2018-04-06T12:32:51.703Z] <<< HTTP RESPONSE 200
